<?xml version="1.0" encoding="UTF-8"?>
<testsuite errors="0" failures="0" file="test_regression.py" name="test_regression.TestInvOnlie-20191216112346" skipped="0" tests="1" time="51.230" timestamp="2019-12-16T11:24:37">
	<testcase classname="test_regression.TestInvOnlie" file="test_regression.py" line="33" name="test_new_account" time="51.230" timestamp="2019-12-16T11:24:37">
		<system-out>
<![CDATA[buscando
que ondaaa
]]>		</system-out>
		<system-err>
<![CDATA[]]>		</system-err>
	</testcase>
</testsuite>
