<?xml version="1.0" encoding="UTF-8"?>
<testsuite errors="0" failures="0" file="test_regression.py" name="test_regression.TestInvOnlie-20191213115225" skipped="0" tests="2" time="82.173" timestamp="2019-12-13T11:53:47">
	<testcase classname="test_regression.TestInvOnlie" file="test_regression.py" line="44" name="test_buy_sim_stocks" time="35.667" timestamp="2019-12-13T11:53:00">
		<system-out>
<![CDATA[]]>		</system-out>
		<system-err>
<![CDATA[]]>		</system-err>
	</testcase>
	<testcase classname="test_regression.TestInvOnlie" file="test_regression.py" line="33" name="test_new_account" time="46.506" timestamp="2019-12-13T11:53:47">
		<system-out>
<![CDATA[buscando
que ondaaa
]]>		</system-out>
		<system-err>
<![CDATA[]]>		</system-err>
	</testcase>
</testsuite>
